<?xml version="1.0" encoding="UTF-8"?>
<!-- Generated by org.testng.reporters.JUnitReportReporter -->
<testsuite skipped="0" hostname="DESKTOP-LABPN68" name="mavenprojectpractice.mavenprojectclass" tests="1" failures="0" timestamp="07 Apr 2019 05:42:07 GMT" time="0.016" errors="0">
  <testcase name="printName" time="0.016" classname="mavenprojectpractice.mavenprojectclass"/>
</testsuite> <!-- mavenprojectpractice.mavenprojectclass -->
